2025-10-30T11:46:38.949496400+01:00 [ERROR] [system:system | System] boom
2025-10-30T11:46:51.318314600+01:00 [INFO] [system:system | System] Placed luggage BG998877 at CONVEYOR-1
2025-10-30T11:46:51.320314600+01:00 [INFO] [system:system | System] Placed luggage BG111222 at VEHICLE:TUG-07
2025-10-30T11:46:51.326313600+01:00 [INFO] [system:system | System] Enqueued Task{id='T1', type=LOAD, status=PENDING, payload={flight=LH123, bag=BG998877}}
2025-10-30T11:46:51.327314400+01:00 [INFO] [system:system | System] Enqueued Task{id='T2', type=TRANSFER, status=PENDING, payload={from=CONVEYOR-1, to=VEHICLE:TUG-07}}
2025-10-30T11:46:51.330317300+01:00 [INFO] [system:system | System] System started
2025-10-30T11:46:51.332314900+01:00 [ERROR] [system:system | System] Demo error: testing log levels
2025-10-30T11:54:57.044874800+01:00 [INFO] [system:system | System] Placed luggage BG998877 at CONVEYOR-1
2025-10-30T11:54:57.046877100+01:00 [INFO] [system:system | System] Placed luggage BG111222 at VEHICLE:TUG-07
2025-10-30T11:54:57.052876100+01:00 [INFO] [system:system | System] Enqueued Task{id='T1', type=LOAD, status=PENDING, payload={flight=LH123, bag=BG998877}}
2025-10-30T11:54:57.053875600+01:00 [INFO] [system:system | System] Enqueued Task{id='T2', type=TRANSFER, status=PENDING, payload={from=CONVEYOR-1, to=VEHICLE:TUG-07}}
2025-10-30T11:54:57.061877+01:00 [INFO] [system:system | System] System started
2025-10-30T11:54:57.063877100+01:00 [ERROR] [system:system | System] Demo error: testing log levels
2025-10-30T11:55:28.681868700+01:00 [INFO] [system:system | System] Placed luggage BG3 at CAROUSEL-2
2025-10-30T11:55:28.685869300+01:00 [INFO] [system:system | System] Placed luggage BG1 at CONVEYOR-1
2025-10-30T11:55:28.690870300+01:00 [INFO] [system:system | System] Placed luggage BG4 at A
2025-10-30T11:55:28.691873600+01:00 [INFO] [system:system | System] Placed luggage BG4 at B
2025-10-30T11:55:28.693869100+01:00 [INFO] [system:system | System] Placed luggage BG2 at BIN-1
2025-10-30T11:55:28.707868900+01:00 [INFO] [system:system | System] Enqueued Task{id='A', type=LOAD, status=PENDING, payload={}}
2025-10-30T11:55:28.707868900+01:00 [INFO] [system:system | System] Enqueued Task{id='B', type=UNLOAD, status=PENDING, payload={}}
2025-10-30T11:55:28.717877300+01:00 [INFO] [system:system | System] Enqueued Task{id='T1', type=LOAD, status=PENDING, payload={}}
2025-10-30T11:55:28.722869800+01:00 [INFO] [system:system | System] Enqueued Task{id='T1', type=LOAD, status=PENDING, payload={}}
2025-10-30T11:55:28.727907100+01:00 [INFO] [system:system | System] Enqueued Task{id='X', type=TRANSFER, status=PENDING, payload={}}
2025-10-30T11:55:28.728870900+01:00 [INFO] [system:system | System] Enqueued Task{id='Y', type=CHARGE, status=PENDING, payload={}}
2025-10-30T11:55:28.767873400+01:00 [ERROR] [system:system | System] boom
2025-10-30T11:55:49.273555200+01:00 [INFO] [system:system | System] Placed luggage BG998877 at CONVEYOR-1
2025-10-30T11:55:49.275554500+01:00 [INFO] [system:system | System] Placed luggage BG111222 at VEHICLE:TUG-07
2025-10-30T11:55:49.281559400+01:00 [INFO] [system:system | System] Enqueued Task{id='T1', type=LOAD, status=PENDING, payload={flight=LH123, bag=BG998877}}
2025-10-30T11:55:49.281559400+01:00 [INFO] [system:system | System] Enqueued Task{id='T2', type=TRANSFER, status=PENDING, payload={from=CONVEYOR-1, to=VEHICLE:TUG-07}}
2025-10-30T11:55:49.285562800+01:00 [INFO] [system:system | System] System started
2025-10-30T11:55:49.287561600+01:00 [ERROR] [system:system | System] Demo error: testing log levels
2025-10-30T11:56:03.975896500+01:00 [INFO] [system:system | System] Placed luggage BG3 at CAROUSEL-2
2025-10-30T11:56:03.980897200+01:00 [INFO] [system:system | System] Placed luggage BG1 at CONVEYOR-1
2025-10-30T11:56:03.987897400+01:00 [INFO] [system:system | System] Placed luggage BG4 at A
2025-10-30T11:56:03.988896300+01:00 [INFO] [system:system | System] Placed luggage BG4 at B
2025-10-30T11:56:03.992895300+01:00 [INFO] [system:system | System] Placed luggage BG2 at BIN-1
2025-10-30T11:56:04.014894300+01:00 [INFO] [system:system | System] Enqueued Task{id='A', type=LOAD, status=PENDING, payload={}}
2025-10-30T11:56:04.015895200+01:00 [INFO] [system:system | System] Enqueued Task{id='B', type=UNLOAD, status=PENDING, payload={}}
2025-10-30T11:56:04.029897+01:00 [INFO] [system:system | System] Enqueued Task{id='T1', type=LOAD, status=PENDING, payload={}}
2025-10-30T11:56:04.035895300+01:00 [INFO] [system:system | System] Enqueued Task{id='T1', type=LOAD, status=PENDING, payload={}}
2025-10-30T11:56:04.040897400+01:00 [INFO] [system:system | System] Enqueued Task{id='X', type=TRANSFER, status=PENDING, payload={}}
2025-10-30T11:56:04.041894400+01:00 [INFO] [system:system | System] Enqueued Task{id='Y', type=CHARGE, status=PENDING, payload={}}
2025-10-30T11:56:04.098896100+01:00 [ERROR] [system:system | System] boom
